<?xml version="1.0" encoding="UTF-8"?>
<!-- Generated by org.testng.reporters.JUnitXMLReporter -->
<testsuite ignored="0" hostname="ASCINLAP60845" failures="15" tests="16" name="Test" time="206.469" errors="0" timestamp="2024-12-05T10:59:23 IST">
  <testcase classname="com.unacademy.testng.Unacademy" name="Login" time="40.302">
    <failure type="javax.mail.MessagingException" message="PKIX path building failed: sun.security.provider.certpath.SunCertPathBuilderException: unable to find valid certification path to requested target">
      <![CDATA[javax.mail.MessagingException: PKIX path building failed: sun.security.provider.certpath.SunCertPathBuilderException: unable to find valid certification path to requested target;
  nested exception is:
javax.net.ssl.SSLHandshakeException: PKIX path building failed: sun.security.provider.certpath.SunCertPathBuilderException: unable to find valid certification path to requested target
at com.sun.mail.imap.IMAPStore.protocolConnect(IMAPStore.java:742)
at javax.mail.Service.connect(Service.java:366)
at javax.mail.Service.connect(Service.java:246)
at com.unacademy.testng.GmailReaderWithOTP.fetchOTPFromEmail(GmailReaderWithOTP.java:28)
at com.unacademy.testng.Unacademy.Login(Unacademy.java:103)
at java.base/java.util.ArrayList.forEach(ArrayList.java:1511)
Caused by: javax.net.ssl.SSLHandshakeException: PKIX path building failed: sun.security.provider.certpath.SunCertPathBuilderException: unable to find valid certification path to requested target
at java.base/sun.security.ssl.Alert.createSSLException(Alert.java:131)
at java.base/sun.security.ssl.TransportContext.fatal(TransportContext.java:378)
at java.base/sun.security.ssl.TransportContext.fatal(TransportContext.java:321)
at java.base/sun.security.ssl.TransportContext.fatal(TransportContext.java:316)
at java.base/sun.security.ssl.CertificateMessage$T13CertificateConsumer.checkServerCerts(CertificateMessage.java:1351)
at java.base/sun.security.ssl.CertificateMessage$T13CertificateConsumer.onConsumeCertificate(CertificateMessage.java:1226)
at java.base/sun.security.ssl.CertificateMessage$T13CertificateConsumer.consume(CertificateMessage.java:1169)
at java.base/sun.security.ssl.SSLHandshake.consume(SSLHandshake.java:396)
at java.base/sun.security.ssl.HandshakeContext.dispatch(HandshakeContext.java:480)
at java.base/sun.security.ssl.HandshakeContext.dispatch(HandshakeContext.java:458)
at java.base/sun.security.ssl.TransportContext.dispatch(TransportContext.java:201)
at java.base/sun.security.ssl.SSLTransport.decode(SSLTransport.java:172)
at java.base/sun.security.ssl.SSLSocketImpl.decode(SSLSocketImpl.java:1506)
at java.base/sun.security.ssl.SSLSocketImpl.readHandshakeRecord(SSLSocketImpl.java:1421)
at java.base/sun.security.ssl.SSLSocketImpl.startHandshake(SSLSocketImpl.java:455)
at java.base/sun.security.ssl.SSLSocketImpl.startHandshake(SSLSocketImpl.java:426)
at com.sun.mail.util.SocketFetcher.configureSSLSocket(SocketFetcher.java:626)
at com.sun.mail.util.SocketFetcher.createSocket(SocketFetcher.java:400)
at com.sun.mail.util.SocketFetcher.getSocket(SocketFetcher.java:238)
at com.sun.mail.iap.Protocol.<init>(Protocol.java:134)
at com.sun.mail.imap.protocol.IMAPProtocol.<init>(IMAPProtocol.java:131)
at com.sun.mail.imap.IMAPStore.newIMAPProtocol(IMAPStore.java:763)
at com.sun.mail.imap.IMAPStore.protocolConnect(IMAPStore.java:698)
... 36 more
Caused by: sun.security.validator.ValidatorException: PKIX path building failed: sun.security.provider.certpath.SunCertPathBuilderException: unable to find valid certification path to requested target
at java.base/sun.security.validator.PKIXValidator.doBuild(PKIXValidator.java:439)
at java.base/sun.security.validator.PKIXValidator.engineValidate(PKIXValidator.java:306)
at java.base/sun.security.validator.Validator.validate(Validator.java:264)
at java.base/sun.security.ssl.X509TrustManagerImpl.checkTrusted(X509TrustManagerImpl.java:231)
at java.base/sun.security.ssl.X509TrustManagerImpl.checkServerTrusted(X509TrustManagerImpl.java:132)
at java.base/sun.security.ssl.CertificateMessage$T13CertificateConsumer.checkServerCerts(CertificateMessage.java:1335)
... 54 more
Caused by: sun.security.provider.certpath.SunCertPathBuilderException: unable to find valid certification path to requested target
at java.base/sun.security.provider.certpath.SunCertPathBuilder.build(SunCertPathBuilder.java:148)
at java.base/sun.security.provider.certpath.SunCertPathBuilder.engineBuild(SunCertPathBuilder.java:129)
at java.base/java.security.cert.CertPathBuilder.build(CertPathBuilder.java:297)
at java.base/sun.security.validator.PKIXValidator.doBuild(PKIXValidator.java:434)
... 59 more
... Removed 31 stack frames]]>
    </failure>
  </testcase> <!-- Login -->
  <testcase classname="com.unacademy.testng.Unacademy" name="Search" time="12.164">
    <failure type="java.lang.NullPointerException" message="Cannot invoke &amp;quot;org.openqa.selenium.WebDriver.getClass()&amp;quot; because &amp;quot;exceptionDriver&amp;quot; is null">
      <![CDATA[java.lang.NullPointerException: Cannot invoke "org.openqa.selenium.WebDriver.getClass()" because "exceptionDriver" is null
at org.openqa.selenium.support.ui.WebDriverWait.timeoutException(WebDriverWait.java:85)
at org.openqa.selenium.support.ui.FluentWait.until(FluentWait.java:228)
at com.unacademy.Pages.SearchCourse.SearchField(SearchCourse.java:52)
at com.unacademy.testng.Unacademy.Search(Unacademy.java:120)
at java.base/java.util.ArrayList.forEach(ArrayList.java:1511)
... Removed 31 stack frames]]>
    </failure>
  </testcase> <!-- Search -->
  <testcase classname="com.unacademy.testng.Unacademy" name="Subscription" time="10.222">
    <failure type="java.lang.NullPointerException" message="Cannot invoke &amp;quot;org.openqa.selenium.WebDriver.getClass()&amp;quot; because &amp;quot;exceptionDriver&amp;quot; is null">
      <![CDATA[java.lang.NullPointerException: Cannot invoke "org.openqa.selenium.WebDriver.getClass()" because "exceptionDriver" is null
at org.openqa.selenium.support.ui.WebDriverWait.timeoutException(WebDriverWait.java:85)
at org.openqa.selenium.support.ui.FluentWait.until(FluentWait.java:228)
at com.unacademy.Pages.Subscription.PlanVerification(Subscription.java:59)
at com.unacademy.testng.Unacademy.Subscription(Unacademy.java:177)
at java.base/java.util.ArrayList.forEach(ArrayList.java:1511)
... Removed 31 stack frames]]>
    </failure>
  </testcase> <!-- Subscription -->
  <testcase classname="com.unacademy.testng.Unacademy" name="SignOut" time="10.165">
    <failure type="java.lang.NullPointerException" message="Cannot invoke &amp;quot;org.openqa.selenium.WebDriver.getClass()&amp;quot; because &amp;quot;exceptionDriver&amp;quot; is null">
      <![CDATA[java.lang.NullPointerException: Cannot invoke "org.openqa.selenium.WebDriver.getClass()" because "exceptionDriver" is null
at org.openqa.selenium.support.ui.WebDriverWait.timeoutException(WebDriverWait.java:85)
at org.openqa.selenium.support.ui.FluentWait.until(FluentWait.java:228)
at com.unacademy.Pages.SignOut.profileVerify(SignOut.java:31)
at com.unacademy.testng.Unacademy.SignOut(Unacademy.java:201)
at java.base/java.util.ArrayList.forEach(ArrayList.java:1511)
... Removed 31 stack frames]]>
    </failure>
  </testcase> <!-- SignOut -->
  <testcase classname="com.unacademy.testng.unacademyFlow3" name="Login" time="40.926">
    <failure type="java.lang.NullPointerException" message="Cannot invoke &amp;quot;org.openqa.selenium.WebDriver.getClass()&amp;quot; because &amp;quot;exceptionDriver&amp;quot; is null">
      <![CDATA[java.lang.NullPointerException: Cannot invoke "org.openqa.selenium.WebDriver.getClass()" because "exceptionDriver" is null
at org.openqa.selenium.support.ui.WebDriverWait.timeoutException(WebDriverWait.java:85)
at org.openqa.selenium.support.ui.FluentWait.until(FluentWait.java:228)
at com.unacademy.Pages.loginPage.ValidateOTP(loginPage.java:115)
at com.unacademy.testng.unacademyFlow3.Login(unacademyFlow3.java:87)
at java.base/java.util.ArrayList.forEach(ArrayList.java:1511)
... Removed 31 stack frames]]>
    </failure>
  </testcase> <!-- Login -->
  <testcase classname="com.unacademy.testng.unacademyFlow3" name="SelectedCourse" time="0.0">
    <failure type="java.lang.NoClassDefFoundError" message="com/unacademy/Pages/SelectCourse">
      <![CDATA[java.lang.NoClassDefFoundError: com/unacademy/Pages/SelectCourse
at com.unacademy.testng.unacademyFlow3.SelectedCourse(unacademyFlow3.java:94)
at java.base/java.util.ArrayList.forEach(ArrayList.java:1511)
Caused by: java.lang.ClassNotFoundException: com.unacademy.Pages.SelectCourse
at java.base/jdk.internal.loader.BuiltinClassLoader.loadClass(BuiltinClassLoader.java:641)
at java.base/jdk.internal.loader.ClassLoaders$AppClassLoader.loadClass(ClassLoaders.java:188)
at java.base/java.lang.ClassLoader.loadClass(ClassLoader.java:525)
... 33 more
... Removed 31 stack frames]]>
    </failure>
  </testcase> <!-- SelectedCourse -->
  <testcase classname="com.unacademy.testng.unacademyFlow3" name="Subscription" time="10.074">
    <failure type="java.lang.NullPointerException" message="Cannot invoke &amp;quot;org.openqa.selenium.WebDriver.getClass()&amp;quot; because &amp;quot;exceptionDriver&amp;quot; is null">
      <![CDATA[java.lang.NullPointerException: Cannot invoke "org.openqa.selenium.WebDriver.getClass()" because "exceptionDriver" is null
at org.openqa.selenium.support.ui.WebDriverWait.timeoutException(WebDriverWait.java:85)
at org.openqa.selenium.support.ui.FluentWait.until(FluentWait.java:228)
at com.unacademy.Pages.Subscription.PlanVerification(Subscription.java:59)
at com.unacademy.testng.unacademyFlow3.Subscription(unacademyFlow3.java:113)
at java.base/java.util.ArrayList.forEach(ArrayList.java:1511)
... Removed 31 stack frames]]>
    </failure>
  </testcase> <!-- Subscription -->
  <testcase classname="com.unacademy.testng.unacademyFlow3" name="AboutCompany" time="0.0">
    <failure type="java.lang.NoClassDefFoundError" message="com/unacademy/Pages/AboutPage">
      <![CDATA[java.lang.NoClassDefFoundError: com/unacademy/Pages/AboutPage
at com.unacademy.testng.unacademyFlow3.AboutCompany(unacademyFlow3.java:143)
at java.base/java.util.ArrayList.forEach(ArrayList.java:1511)
Caused by: java.lang.ClassNotFoundException: com.unacademy.Pages.AboutPage
at java.base/jdk.internal.loader.BuiltinClassLoader.loadClass(BuiltinClassLoader.java:641)
at java.base/jdk.internal.loader.ClassLoaders$AppClassLoader.loadClass(ClassLoaders.java:188)
at java.base/java.lang.ClassLoader.loadClass(ClassLoader.java:525)
... 33 more
... Removed 31 stack frames]]>
    </failure>
  </testcase> <!-- AboutCompany -->
  <testcase classname="com.unacademy.testng.unacademyFlow3" name="ReachOutToUs" time="0.0">
    <failure type="java.lang.NoClassDefFoundError" message="com/unacademy/Pages/AboutPage">
      <![CDATA[java.lang.NoClassDefFoundError: com/unacademy/Pages/AboutPage
at com.unacademy.testng.unacademyFlow3.ReachOutToUs(unacademyFlow3.java:175)
at java.base/java.util.ArrayList.forEach(ArrayList.java:1511)
Caused by: java.lang.ClassNotFoundException: com.unacademy.Pages.AboutPage
... 33 more
... Removed 31 stack frames]]>
    </failure>
  </testcase> <!-- ReachOutToUs -->
  <testcase classname="com.unacademy.testng.unacademyFlow3" name="SignOut" time="0.835"/>
  <testcase classname="com.unacademy.testng.unacademyFlow2" name="Login" time="14.945">
    <failure type="javax.mail.MessagingException" message="PKIX path building failed: sun.security.provider.certpath.SunCertPathBuilderException: unable to find valid certification path to requested target">
      <![CDATA[javax.mail.MessagingException: PKIX path building failed: sun.security.provider.certpath.SunCertPathBuilderException: unable to find valid certification path to requested target;
  nested exception is:
javax.net.ssl.SSLHandshakeException: PKIX path building failed: sun.security.provider.certpath.SunCertPathBuilderException: unable to find valid certification path to requested target
at com.sun.mail.imap.IMAPStore.protocolConnect(IMAPStore.java:742)
at javax.mail.Service.connect(Service.java:366)
at javax.mail.Service.connect(Service.java:246)
at com.unacademy.testng.GmailReaderWithOTP.fetchOTPFromEmail(GmailReaderWithOTP.java:28)
at com.unacademy.testng.unacademyFlow2.Login(unacademyFlow2.java:94)
at java.base/java.util.ArrayList.forEach(ArrayList.java:1511)
Caused by: javax.net.ssl.SSLHandshakeException: PKIX path building failed: sun.security.provider.certpath.SunCertPathBuilderException: unable to find valid certification path to requested target
at java.base/sun.security.ssl.Alert.createSSLException(Alert.java:131)
at java.base/sun.security.ssl.TransportContext.fatal(TransportContext.java:378)
at java.base/sun.security.ssl.TransportContext.fatal(TransportContext.java:321)
at java.base/sun.security.ssl.TransportContext.fatal(TransportContext.java:316)
at java.base/sun.security.ssl.CertificateMessage$T13CertificateConsumer.checkServerCerts(CertificateMessage.java:1351)
at java.base/sun.security.ssl.CertificateMessage$T13CertificateConsumer.onConsumeCertificate(CertificateMessage.java:1226)
at java.base/sun.security.ssl.CertificateMessage$T13CertificateConsumer.consume(CertificateMessage.java:1169)
at java.base/sun.security.ssl.SSLHandshake.consume(SSLHandshake.java:396)
at java.base/sun.security.ssl.HandshakeContext.dispatch(HandshakeContext.java:480)
at java.base/sun.security.ssl.HandshakeContext.dispatch(HandshakeContext.java:458)
at java.base/sun.security.ssl.TransportContext.dispatch(TransportContext.java:201)
at java.base/sun.security.ssl.SSLTransport.decode(SSLTransport.java:172)
at java.base/sun.security.ssl.SSLSocketImpl.decode(SSLSocketImpl.java:1506)
at java.base/sun.security.ssl.SSLSocketImpl.readHandshakeRecord(SSLSocketImpl.java:1421)
at java.base/sun.security.ssl.SSLSocketImpl.startHandshake(SSLSocketImpl.java:455)
at java.base/sun.security.ssl.SSLSocketImpl.startHandshake(SSLSocketImpl.java:426)
at com.sun.mail.util.SocketFetcher.configureSSLSocket(SocketFetcher.java:626)
at com.sun.mail.util.SocketFetcher.createSocket(SocketFetcher.java:400)
at com.sun.mail.util.SocketFetcher.getSocket(SocketFetcher.java:238)
at com.sun.mail.iap.Protocol.<init>(Protocol.java:134)
at com.sun.mail.imap.protocol.IMAPProtocol.<init>(IMAPProtocol.java:131)
at com.sun.mail.imap.IMAPStore.newIMAPProtocol(IMAPStore.java:763)
at com.sun.mail.imap.IMAPStore.protocolConnect(IMAPStore.java:698)
... 36 more
Caused by: sun.security.validator.ValidatorException: PKIX path building failed: sun.security.provider.certpath.SunCertPathBuilderException: unable to find valid certification path to requested target
at java.base/sun.security.validator.PKIXValidator.doBuild(PKIXValidator.java:439)
at java.base/sun.security.validator.PKIXValidator.engineValidate(PKIXValidator.java:306)
at java.base/sun.security.validator.Validator.validate(Validator.java:264)
at java.base/sun.security.ssl.X509TrustManagerImpl.checkTrusted(X509TrustManagerImpl.java:231)
at java.base/sun.security.ssl.X509TrustManagerImpl.checkServerTrusted(X509TrustManagerImpl.java:132)
at java.base/sun.security.ssl.CertificateMessage$T13CertificateConsumer.checkServerCerts(CertificateMessage.java:1335)
... 54 more
Caused by: sun.security.provider.certpath.SunCertPathBuilderException: unable to find valid certification path to requested target
at java.base/sun.security.provider.certpath.SunCertPathBuilder.build(SunCertPathBuilder.java:148)
at java.base/sun.security.provider.certpath.SunCertPathBuilder.engineBuild(SunCertPathBuilder.java:129)
at java.base/java.security.cert.CertPathBuilder.build(CertPathBuilder.java:297)
at java.base/sun.security.validator.PKIXValidator.doBuild(PKIXValidator.java:434)
... 59 more
... Removed 31 stack frames]]>
    </failure>
  </testcase> <!-- Login -->
  <testcase classname="com.unacademy.testng.unacademyFlow2" name="AddGoal" time="0.0">
    <failure type="java.lang.NoClassDefFoundError" message="com/unacademy/Pages/AddGoal">
      <![CDATA[java.lang.NoClassDefFoundError: com/unacademy/Pages/AddGoal
at com.unacademy.testng.unacademyFlow2.AddGoal(unacademyFlow2.java:106)
at java.base/java.util.ArrayList.forEach(ArrayList.java:1511)
Caused by: java.lang.ClassNotFoundException: com.unacademy.Pages.AddGoal
at java.base/jdk.internal.loader.BuiltinClassLoader.loadClass(BuiltinClassLoader.java:641)
at java.base/jdk.internal.loader.ClassLoaders$AppClassLoader.loadClass(ClassLoaders.java:188)
at java.base/java.lang.ClassLoader.loadClass(ClassLoader.java:525)
... 33 more
... Removed 31 stack frames]]>
    </failure>
  </testcase> <!-- AddGoal -->
  <testcase classname="com.unacademy.testng.unacademyFlow2" name="Search" time="12.293">
    <failure type="java.lang.NullPointerException" message="Cannot invoke &amp;quot;org.openqa.selenium.WebDriver.getClass()&amp;quot; because &amp;quot;exceptionDriver&amp;quot; is null">
      <![CDATA[java.lang.NullPointerException: Cannot invoke "org.openqa.selenium.WebDriver.getClass()" because "exceptionDriver" is null
at org.openqa.selenium.support.ui.WebDriverWait.timeoutException(WebDriverWait.java:85)
at org.openqa.selenium.support.ui.FluentWait.until(FluentWait.java:228)
at com.unacademy.Pages.SearchCourse.SearchField(SearchCourse.java:52)
at com.unacademy.testng.unacademyFlow2.Search(unacademyFlow2.java:151)
at java.base/java.util.ArrayList.forEach(ArrayList.java:1511)
... Removed 31 stack frames]]>
    </failure>
  </testcase> <!-- Search -->
  <testcase classname="com.unacademy.testng.unacademyFlow2" name="Subscription" time="10.188">
    <failure type="java.lang.NullPointerException" message="Cannot invoke &amp;quot;org.openqa.selenium.WebDriver.getClass()&amp;quot; because &amp;quot;exceptionDriver&amp;quot; is null">
      <![CDATA[java.lang.NullPointerException: Cannot invoke "org.openqa.selenium.WebDriver.getClass()" because "exceptionDriver" is null
at org.openqa.selenium.support.ui.WebDriverWait.timeoutException(WebDriverWait.java:85)
at org.openqa.selenium.support.ui.FluentWait.until(FluentWait.java:228)
at com.unacademy.Pages.Subscription.PayVerification(Subscription.java:99)
at com.unacademy.testng.unacademyFlow2.Subscription(unacademyFlow2.java:182)
at java.base/java.util.ArrayList.forEach(ArrayList.java:1511)
... Removed 31 stack frames]]>
    </failure>
  </testcase> <!-- Subscription -->
  <testcase classname="com.unacademy.testng.unacademyFlow2" name="removecourse" time="0.0">
    <failure type="java.lang.NoClassDefFoundError" message="com/unacademy/Pages/RemoveCourse">
      <![CDATA[java.lang.NoClassDefFoundError: com/unacademy/Pages/RemoveCourse
at com.unacademy.testng.unacademyFlow2.removecourse(unacademyFlow2.java:206)
at java.base/java.util.ArrayList.forEach(ArrayList.java:1511)
Caused by: java.lang.ClassNotFoundException: com.unacademy.Pages.RemoveCourse
at java.base/jdk.internal.loader.BuiltinClassLoader.loadClass(BuiltinClassLoader.java:641)
at java.base/jdk.internal.loader.ClassLoaders$AppClassLoader.loadClass(ClassLoaders.java:188)
at java.base/java.lang.ClassLoader.loadClass(ClassLoader.java:525)
... 33 more
... Removed 31 stack frames]]>
    </failure>
  </testcase> <!-- removecourse -->
  <testcase classname="com.unacademy.testng.unacademyFlow2" name="SignOut" time="10.166">
    <failure type="java.lang.NullPointerException" message="Cannot invoke &amp;quot;org.openqa.selenium.WebDriver.getClass()&amp;quot; because &amp;quot;exceptionDriver&amp;quot; is null">
      <![CDATA[java.lang.NullPointerException: Cannot invoke "org.openqa.selenium.WebDriver.getClass()" because "exceptionDriver" is null
at org.openqa.selenium.support.ui.WebDriverWait.timeoutException(WebDriverWait.java:85)
at org.openqa.selenium.support.ui.FluentWait.until(FluentWait.java:228)
at com.unacademy.Pages.SignOut.profileVerify(SignOut.java:31)
at com.unacademy.testng.unacademyFlow2.SignOut(unacademyFlow2.java:235)
at java.base/java.util.ArrayList.forEach(ArrayList.java:1511)
... Removed 31 stack frames]]>
    </failure>
  </testcase> <!-- SignOut -->
</testsuite> <!-- Test -->
